IMLib/build/intermediates/manifest_merge_blame_file/debug/manifest-merger-blame-debug-report.txt
1<?xml version="1.0" encoding="utf-8"?>
2<manifest xmlns:android="http://schemas.android.com/apk/res/android"
3    package="io.rong.imlib"
4    android:versionCode="20201020"
5    android:versionName="4.0.3.2_hotfix/4.0.3" >
6
7    <uses-sdk
8        android:minSdkVersion="24"
8-->MySoul\IMLib\AndroidManifest.xml
9        android:targetSdkVersion="29" />
9-->MySoul\IMLib\AndroidManifest.xml
10
11    <!-- 保存图片，拍照等 -->
12    <uses-permission android:name="android.permission.WRITE_EXTERNAL_STORAGE" />
12-->MySoul\IMLib\AndroidManifest.xml:5:5-81
12-->MySoul\IMLib\AndroidManifest.xml:5:22-78
13    <!-- 网络 -->
14    <uses-permission android:name="android.permission.INTERNET" />
14-->MySoul\IMLib\AndroidManifest.xml:7:5-67
14-->MySoul\IMLib\AndroidManifest.xml:7:22-64
15    <uses-permission android:name="android.permission.ACCESS_NETWORK_STATE" />
15-->MySoul\IMLib\AndroidManifest.xml:8:5-79
15-->MySoul\IMLib\AndroidManifest.xml:8:22-76
16    <uses-permission android:name="android.permission.ACCESS_WIFI_STATE" />
16-->MySoul\IMLib\AndroidManifest.xml:9:5-76
16-->MySoul\IMLib\AndroidManifest.xml:9:22-73
17    <!-- 消息通道保活 -->
18    <uses-permission android:name="android.permission.WAKE_LOCK" />
18-->MySoul\IMLib\AndroidManifest.xml:11:5-68
18-->MySoul\IMLib\AndroidManifest.xml:11:22-65
19
20    <!-- 定位，如果您需要定位相关的功能，可以打开以下注释 -->
21    <!-- <uses-permission android:name="android.permission.ACCESS_FINE_LOCATION" /> -->
22    <application>
22-->MySoul\IMLib\AndroidManifest.xml:15:5-61:19
23        <meta-data
23-->MySoul\IMLib\AndroidManifest.xml:17:9-19:45
24            android:name="RONG_CLOUD_APP_KEY"
24-->MySoul\IMLib\AndroidManifest.xml:18:13-46
25            android:value="0vnjpoad0i0gz" />
25-->MySoul\IMLib\AndroidManifest.xml:19:13-42
26
27        <!-- imlib config begin -->
28        <service
28-->MySoul\IMLib\AndroidManifest.xml:22:9-24:38
29            android:name="io.rong.imlib.ipc.RongService"
29-->MySoul\IMLib\AndroidManifest.xml:23:13-57
30            android:process=":ipc" />
30-->MySoul\IMLib\AndroidManifest.xml:24:13-35
31
32        <receiver android:name="io.rong.imlib.ConnectChangeReceiver" />
32-->MySoul\IMLib\AndroidManifest.xml:26:9-72
32-->MySoul\IMLib\AndroidManifest.xml:26:19-69
33        <receiver
33-->MySoul\IMLib\AndroidManifest.xml:28:9-30:38
34            android:name="io.rong.imlib.HeartbeatReceiver"
34-->MySoul\IMLib\AndroidManifest.xml:29:13-59
35            android:process=":ipc" />
35-->MySoul\IMLib\AndroidManifest.xml:30:13-35
36        <!-- imlib config end -->
37
38
39        <!-- 必选： SDK 核心功能 -->
40        <service
40-->MySoul\IMLib\AndroidManifest.xml:34:9-38:46
41            android:name="io.rong.push.rongpush.PushService"
41-->MySoul\IMLib\AndroidManifest.xml:35:13-61
42            android:exported="true"
42-->MySoul\IMLib\AndroidManifest.xml:36:13-36
43            android:permission="android.permission.BIND_JOB_SERVICE"
43-->MySoul\IMLib\AndroidManifest.xml:37:13-69
44            android:process="io.rong.push" />
44-->MySoul\IMLib\AndroidManifest.xml:38:13-43
45
46        <!-- push 相关事件接收器 -->
47        <receiver
47-->MySoul\IMLib\AndroidManifest.xml:41:9-56:20
48            android:name="io.rong.push.rongpush.PushReceiver"
48-->MySoul\IMLib\AndroidManifest.xml:42:13-62
49            android:process="io.rong.push" > <!-- 此处进程可以改名，名称需要和PushService所在进程统一 -->
49-->MySoul\IMLib\AndroidManifest.xml:43:13-43
50            <!-- 心跳事件和网络切换事件监听,必须 -->
51            <intent-filter>
51-->MySoul\IMLib\AndroidManifest.xml:45:13-48:29
52                <action android:name="io.rong.push.intent.action.HEART_BEAT" />
52-->MySoul\IMLib\AndroidManifest.xml:46:17-80
52-->MySoul\IMLib\AndroidManifest.xml:46:25-77
53                <action android:name="android.net.conn.CONNECTIVITY_CHANGE" />
53-->MySoul\IMLib\AndroidManifest.xml:47:17-79
53-->MySoul\IMLib\AndroidManifest.xml:47:25-76
54            </intent-filter>
55
56            <!-- 部分用户事件监听, 用来提高推送拉活率; 可移除 -->
57            <intent-filter>
57-->MySoul\IMLib\AndroidManifest.xml:51:13-55:29
58                <action android:name="android.intent.action.USER_PRESENT" />
58-->MySoul\IMLib\AndroidManifest.xml:52:17-77
58-->MySoul\IMLib\AndroidManifest.xml:52:25-74
59                <action android:name="android.intent.action.ACTION_POWER_CONNECTED" />
59-->MySoul\IMLib\AndroidManifest.xml:53:17-87
59-->MySoul\IMLib\AndroidManifest.xml:53:25-84
60                <action android:name="android.intent.action.ACTION_POWER_DISCONNECTED" />
60-->MySoul\IMLib\AndroidManifest.xml:54:17-90
60-->MySoul\IMLib\AndroidManifest.xml:54:25-87
61            </intent-filter>
62        </receiver>
63
64        <!-- 必选： SDK 核心功能 -->
65
66
67        <!-- end -->
68    </application>
69
70</manifest>